<?xml version="1.0" encoding="UTF-8"?>
<!-- Generated by org.testng.reporters.JUnitReportReporter -->
<testsuite hostname="DESKTOP-GRAD2N1" failures="0" tests="6" name="testng.Testng_7_XML_File_Run" time="22.591" errors="0" timestamp="2023-12-10T22:26:12 IST" skipped="0">
  <testcase classname="testng.Testng_7_XML_File_Run" name="selenium" time="1.857"/>
  <system-out/>
  <testcase classname="testng.Testng_7_XML_File_Run" name="redmine" time="4.183"/>
  <system-out/>
  <testcase classname="testng.Testng_7_XML_File_Run" name="twitter" time="8.714"/>
  <system-out/>
  <testcase classname="testng.Testng_7_XML_File_Run" name="google" time="2.252"/>
  <system-out/>
  <testcase classname="testng.Testng_7_XML_File_Run" name="facebook" time="2.191"/>
  <system-out/>
  <testcase classname="testng.Testng_7_XML_File_Run" name="gmail" time="3.394"/>
  <system-out/>
</testsuite> <!-- testng.Testng_7_XML_File_Run -->
