<?xml version="1.0" encoding="UTF-8"?>
<!-- Generated by org.testng.reporters.JUnitReportReporter -->
<testsuite hostname="DESKTOP-GRAD2N1" failures="0" tests="3" name="verifytabtitleurlapptext.VerifyTabTitleURLWebText" time="5.598" errors="0" timestamp="2023-12-25T17:06:16 IST" skipped="0">
  <testcase classname="verifytabtitleurlapptext.VerifyTabTitleURLWebText" name="verifytext" time="1.144"/>
  <system-out/>
  <testcase classname="verifytabtitleurlapptext.VerifyTabTitleURLWebText" name="verifytabtitle" time="3.528"/>
  <system-out/>
  <testcase classname="verifytabtitleurlapptext.VerifyTabTitleURLWebText" name="verifyurl" time="0.926"/>
  <system-out/>
</testsuite> <!-- verifytabtitleurlapptext.VerifyTabTitleURLWebText -->
