<?xml version="1.0" encoding="UTF-8"?>
<!-- Generated by org.testng.reporters.JUnitReportReporter -->
<testsuite hostname="DESKTOP-GRAD2N1" failures="0" tests="2" name="testng.Testng_5_DependsOnMethods" time="12.278" errors="0" timestamp="2023-12-09T15:19:28 IST" skipped="0">
  <testcase classname="testng.Testng_5_DependsOnMethods" name="method1" time="9.310"/>
  <system-out/>
  <testcase classname="testng.Testng_5_DependsOnMethods" name="method2" time="2.968"/>
  <system-out/>
</testsuite> <!-- testng.Testng_5_DependsOnMethods -->
