<?xml version="1.0" encoding="UTF-8"?>
<!-- Generated by org.testng.reporters.JUnitReportReporter -->
<testsuite hostname="DESKTOP-GRAD2N1" failures="0" tests="1" name="alertpopuphandles.AlertWindowHandles" time="17.376" errors="0" timestamp="2023-12-14T19:29:58 IST" skipped="0">
  <testcase classname="alertpopuphandles.AlertWindowHandles" name="alertwindowsendokorcancelbutton" time="17.376"/>
  <system-out/>
</testsuite> <!-- alertpopuphandles.AlertWindowHandles -->
