<?xml version="1.0" encoding="UTF-8"?>
<!-- Generated by org.testng.reporters.JUnitReportReporter -->
<testsuite hostname="DESKTOP-GRAD2N1" failures="0" tests="5" name="testng.Testng_1_Alphabetical_Order" time="15.470" errors="0" timestamp="2023-12-05T14:50:19 IST" skipped="0">
  <testcase classname="testng.Testng_1_Alphabetical_Order" name="google" time="2.996"/>
  <system-out/>
  <testcase classname="testng.Testng_1_Alphabetical_Order" name="selenium" time="2.435"/>
  <system-out/>
  <testcase classname="testng.Testng_1_Alphabetical_Order" name="twitter" time="4.536"/>
  <system-out/>
  <testcase classname="testng.Testng_1_Alphabetical_Order" name="facebook" time="2.000"/>
  <system-out/>
  <testcase classname="testng.Testng_1_Alphabetical_Order" name="gmail" time="3.503"/>
  <system-out/>
</testsuite> <!-- testng.Testng_1_Alphabetical_Order -->
