<?xml version="1.0" encoding="UTF-8"?>
<!-- Generated by org.testng.reporters.JUnitReportReporter -->
<testsuite hostname="DESKTOP-GRAD2N1" failures="0" tests="5" name="testng.Testng_2_Priority_Order" time="309.837" errors="0" timestamp="2023-12-05T15:31:36 IST" skipped="0">
  <testcase classname="testng.Testng_2_Priority_Order" name="selenium" time="77.241"/>
  <system-out/>
  <testcase classname="testng.Testng_2_Priority_Order" name="gmail" time="35.658"/>
  <system-out/>
  <testcase classname="testng.Testng_2_Priority_Order" name="google" time="41.428"/>
  <system-out/>
  <testcase classname="testng.Testng_2_Priority_Order" name="twitter" time="145.784"/>
  <system-out/>
  <testcase classname="testng.Testng_2_Priority_Order" name="facebook" time="9.726"/>
  <system-out/>
</testsuite> <!-- testng.Testng_2_Priority_Order -->
