<?xml version="1.0" encoding="UTF-8"?>
<!-- Generated by org.testng.reporters.JUnitReportReporter -->
<testsuite hostname="DESKTOP-GRAD2N1" failures="0" tests="5" name="actionsclassprograme.ActionsClass" time="17.240" errors="0" timestamp="2023-12-23T19:51:48 IST" skipped="4">
  <testcase classname="actionsclassprograme.ActionsClass" name="keyboardfunctions" time="17.240"/>
  <system-out/>
  <testcase classname="actionsclassprograme.ActionsClass" name="mousehover">
    <skipped/>
  </testcase> <!-- mousehover -->
  <system-out/>
  <testcase classname="actionsclassprograme.ActionsClass" name="doubleclick">
    <skipped/>
  </testcase> <!-- doubleclick -->
  <system-out/>
  <testcase classname="actionsclassprograme.ActionsClass" name="rightclick">
    <skipped/>
  </testcase> <!-- rightclick -->
  <system-out/>
  <testcase classname="actionsclassprograme.ActionsClass" name="draganddrop">
    <skipped/>
  </testcase> <!-- draganddrop -->
  <system-out/>
</testsuite> <!-- actionsclassprograme.ActionsClass -->
