<?xml version="1.0" encoding="UTF-8"?>
<!-- Generated by org.testng.reporters.JUnitReportReporter -->
<testsuite hostname="DESKTOP-GRAD2N1" failures="0" tests="5" name="testng.Testng_3_Skip_Ignore_Disabled_Order" time="5.759" errors="0" timestamp="2023-12-05T15:54:37 IST" skipped="3">
  <testcase classname="testng.Testng_3_Skip_Ignore_Disabled_Order" name="gmail" time="5.114"/>
  <system-out/>
  <testcase classname="testng.Testng_3_Skip_Ignore_Disabled_Order" name="facebook" time="0.645"/>
  <system-out/>
  <testcase classname="testng.Testng_3_Skip_Ignore_Disabled_Order" name="twitter">
    <skipped/>
  </testcase> <!-- twitter -->
  <system-out/>
  <testcase classname="testng.Testng_3_Skip_Ignore_Disabled_Order" name="selenium">
    <skipped/>
  </testcase> <!-- selenium -->
  <system-out/>
  <testcase classname="testng.Testng_3_Skip_Ignore_Disabled_Order" name="google">
    <skipped/>
  </testcase> <!-- google -->
  <system-out/>
</testsuite> <!-- testng.Testng_3_Skip_Ignore_Disabled_Order -->
