<?xml version="1.0" encoding="UTF-8"?>
<!-- Generated by org.testng.reporters.JUnitReportReporter -->
<testsuite hostname="DESKTOP-GRAD2N1" failures="0" tests="1" name="fileupload.FileAttachment" time="8.920" errors="0" timestamp="2023-12-27T14:39:21 IST" skipped="0">
  <testcase classname="fileupload.FileAttachment" name="fileupload" time="8.920"/>
  <system-out/>
</testsuite> <!-- fileupload.FileAttachment -->
