<?xml version="1.0" encoding="UTF-8"?>
<!-- Generated by org.testng.reporters.JUnitReportReporter -->
<testsuite hostname="DESKTOP-GRAD2N1" failures="0" tests="3" name="testng.Testng_8_Groups" time="7.319" errors="0" timestamp="2023-12-11T19:29:14 IST" skipped="0">
  <testcase classname="testng.Testng_8_Groups" name="facebook" time="2.151"/>
  <system-out/>
  <testcase classname="testng.Testng_8_Groups" name="google" time="2.798"/>
  <system-out/>
  <testcase classname="testng.Testng_8_Groups" name="twitter" time="2.370"/>
  <system-out/>
</testsuite> <!-- testng.Testng_8_Groups -->
