<?xml version="1.0" encoding="UTF-8"?>
<!-- Generated by org.testng.reporters.JUnitReportReporter -->
<testsuite hostname="DESKTOP-GRAD2N1" failures="0" tests="1" name="dropdownselection.DropDownValuesMethods" time="7.637" errors="0" timestamp="2023-12-22T16:36:15 IST" skipped="0">
  <testcase classname="dropdownselection.DropDownValuesMethods" name="dropdownoptions" time="7.637"/>
  <system-out/>
</testsuite> <!-- dropdownselection.DropDownValuesMethods -->
